<?xml version="1.0" encoding="UTF-8"?>
<testng-results ignored="0" total="2" passed="2" failed="0" skipped="0">
  <reporter-output>
  </reporter-output>
  <suite started-at="2026-02-25T14:10:58 IST" name="Default suite" finished-at="2026-02-25T14:11:30 IST" duration-ms="32090">
    <groups>
    </groups>
    <test started-at="2026-02-25T14:10:58 IST" name="Default test" finished-at="2026-02-25T14:11:30 IST" duration-ms="32090">
      <class name="ecommerceTest.SearchTest">
        <test-method is-config="true" signature="setup()[pri:0, instance:ecommerceTest.SearchTest@44ebcd03]" started-at="2026-02-25T14:10:58 IST" name="setup" finished-at="2026-02-25T14:11:10 IST" duration-ms="12717" status="PASS">
          <reporter-output>
          </reporter-output>
        </test-method> <!-- setup -->
        <test-method signature="TC_03_SearchExistingProduct()[pri:0, instance:ecommerceTest.SearchTest@44ebcd03]" started-at="2026-02-25T14:11:10 IST" name="TC_03_SearchExistingProduct" finished-at="2026-02-25T14:11:15 IST" duration-ms="4622" status="PASS">
          <reporter-output>
          </reporter-output>
        </test-method> <!-- TC_03_SearchExistingProduct -->
        <test-method is-config="true" signature="tearDown(org.testng.ITestResult)[pri:0, instance:ecommerceTest.SearchTest@44ebcd03]" started-at="2026-02-25T14:11:15 IST" name="tearDown" finished-at="2026-02-25T14:11:16 IST" duration-ms="1250" status="PASS">
          <params>
            <param index="0">
              <value>
                <![CDATA[[TestResult name=TC_03_SearchExistingProduct status=SUCCESS method=SearchTest.TC_03_SearchExistingProduct()[pri:0, instance:ecommerceTest.SearchTest@44ebcd03] output={null}]]]>
              </value>
            </param>
          </params>
          <reporter-output>
          </reporter-output>
        </test-method> <!-- tearDown -->
        <test-method is-config="true" signature="setup()[pri:0, instance:ecommerceTest.SearchTest@44ebcd03]" started-at="2026-02-25T14:11:16 IST" name="setup" finished-at="2026-02-25T14:11:26 IST" duration-ms="9533" status="PASS">
          <reporter-output>
          </reporter-output>
        </test-method> <!-- setup -->
        <test-method signature="TC_04_SearchNonExistingProduct()[pri:0, instance:ecommerceTest.SearchTest@44ebcd03]" started-at="2026-02-25T14:11:26 IST" name="TC_04_SearchNonExistingProduct" finished-at="2026-02-25T14:11:27 IST" duration-ms="1088" status="PASS">
          <reporter-output>
          </reporter-output>
        </test-method> <!-- TC_04_SearchNonExistingProduct -->
        <test-method is-config="true" signature="tearDown(org.testng.ITestResult)[pri:0, instance:ecommerceTest.SearchTest@44ebcd03]" started-at="2026-02-25T14:11:27 IST" name="tearDown" finished-at="2026-02-25T14:11:30 IST" duration-ms="2784" status="PASS">
          <params>
            <param index="0">
              <value>
                <![CDATA[[TestResult name=TC_04_SearchNonExistingProduct status=SUCCESS method=SearchTest.TC_04_SearchNonExistingProduct()[pri:0, instance:ecommerceTest.SearchTest@44ebcd03] output={null}]]]>
              </value>
            </param>
          </params>
          <reporter-output>
          </reporter-output>
        </test-method> <!-- tearDown -->
      </class> <!-- ecommerceTest.SearchTest -->
    </test> <!-- Default test -->
  </suite> <!-- Default suite -->
</testng-results>
