<?xml version="1.0" encoding="UTF-8"?>
<testng-results ignored="0" total="1" passed="0" failed="1" skipped="0">
  <reporter-output>
  </reporter-output>
  <suite started-at="2026-02-28T03:50:23 IST" name="Default suite" finished-at="2026-02-28T03:51:36 IST" duration-ms="73032">
    <groups>
    </groups>
    <test started-at="2026-02-28T03:50:23 IST" name="Default test" finished-at="2026-02-28T03:51:36 IST" duration-ms="73032">
      <class name="CRMTest.HRWorkFlowTest">
        <test-method is-config="true" signature="setupReport()[pri:0, instance:CRMTest.HRWorkFlowTest@5c33f1a9]" started-at="2026-02-28T03:50:23 IST" name="setupReport" finished-at="2026-02-28T03:50:23 IST" duration-ms="581" status="PASS">
          <reporter-output>
          </reporter-output>
        </test-method> <!-- setupReport -->
        <test-method is-config="true" signature="setupDriver()[pri:0, instance:CRMTest.HRWorkFlowTest@5c33f1a9]" started-at="2026-02-28T03:50:23 IST" name="setupDriver" finished-at="2026-02-28T03:50:43 IST" duration-ms="19608" status="PASS">
          <reporter-output>
          </reporter-output>
        </test-method> <!-- setupDriver -->
        <test-method signature="testCompleteHRWorkflow()[pri:0, instance:CRMTest.HRWorkFlowTest@5c33f1a9]" started-at="2026-02-28T03:50:43 IST" name="testCompleteHRWorkflow" description="TC_22 – Complete HR Workflow: Add, Leave, Time, Logout" finished-at="2026-02-28T03:51:33 IST" duration-ms="50488" status="FAIL">
          <exception class="java.lang.AssertionError">
            <message>
              <![CDATA[TC_22 Workflow failed: Approve button not found and status is not Scheduled. Check leave balance.]]>
            </message>
            <full-stacktrace>
              <![CDATA[java.lang.AssertionError: TC_22 Workflow failed: Approve button not found and status is not Scheduled. Check leave balance.
at org.testng.Assert.fail(Assert.java:111)
at CRMTest.HRWorkFlowTest.testCompleteHRWorkflow(HRWorkFlowTest.java:123)
at java.base/jdk.internal.reflect.DirectMethodHandleAccessor.invoke(DirectMethodHandleAccessor.java:104)
at java.base/java.lang.reflect.Method.invoke(Method.java:565)
at org.testng.internal.invokers.MethodInvocationHelper.invokeMethod(MethodInvocationHelper.java:139)
at org.testng.internal.invokers.TestInvoker.invokeMethod(TestInvoker.java:664)
at org.testng.internal.invokers.TestInvoker.invokeTestMethod(TestInvoker.java:228)
at org.testng.internal.invokers.MethodRunner.runInSequence(MethodRunner.java:63)
at org.testng.internal.invokers.TestInvoker$MethodInvocationAgent.invoke(TestInvoker.java:961)
at org.testng.internal.invokers.TestInvoker.invokeTestMethods(TestInvoker.java:201)
at org.testng.internal.invokers.TestMethodWorker.invokeTestMethods(TestMethodWorker.java:148)
at org.testng.internal.invokers.TestMethodWorker.run(TestMethodWorker.java:128)
at java.base/java.util.ArrayList.forEach(ArrayList.java:1604)
at org.testng.TestRunner.privateRun(TestRunner.java:819)
at org.testng.TestRunner.run(TestRunner.java:619)
at org.testng.SuiteRunner.runTest(SuiteRunner.java:443)
at org.testng.SuiteRunner.runSequentially(SuiteRunner.java:437)
at org.testng.SuiteRunner.privateRun(SuiteRunner.java:397)
at org.testng.SuiteRunner.run(SuiteRunner.java:336)
at org.testng.SuiteRunnerWorker.runSuite(SuiteRunnerWorker.java:52)
at org.testng.SuiteRunnerWorker.run(SuiteRunnerWorker.java:95)
at org.testng.TestNG.runSuitesSequentially(TestNG.java:1301)
at org.testng.TestNG.runSuitesLocally(TestNG.java:1228)
at org.testng.TestNG.runSuites(TestNG.java:1134)
at org.testng.TestNG.run(TestNG.java:1101)
at org.testng.remote.AbstractRemoteTestNG.run(AbstractRemoteTestNG.java:115)
at org.testng.remote.RemoteTestNG.initAndRun(RemoteTestNG.java:293)
at org.testng.remote.RemoteTestNG.main(RemoteTestNG.java:91)
]]>
            </full-stacktrace>
          </exception> <!-- java.lang.AssertionError -->
          <reporter-output>
          </reporter-output>
        </test-method> <!-- testCompleteHRWorkflow -->
        <test-method is-config="true" signature="tearDown()[pri:0, instance:CRMTest.HRWorkFlowTest@5c33f1a9]" started-at="2026-02-28T03:51:33 IST" name="tearDown" finished-at="2026-02-28T03:51:36 IST" duration-ms="2807" status="PASS">
          <reporter-output>
          </reporter-output>
        </test-method> <!-- tearDown -->
        <test-method is-config="true" signature="flushReport()[pri:0, instance:CRMTest.HRWorkFlowTest@5c33f1a9]" started-at="2026-02-28T03:51:36 IST" name="flushReport" finished-at="2026-02-28T03:51:37 IST" duration-ms="559" status="PASS">
          <reporter-output>
          </reporter-output>
        </test-method> <!-- flushReport -->
      </class> <!-- CRMTest.HRWorkFlowTest -->
    </test> <!-- Default test -->
  </suite> <!-- Default suite -->
</testng-results>
