<?xml version="1.0" encoding="UTF-8"?>
<!-- Generated by org.testng.reporters.JUnitReportReporter -->
<testsuite hostname="LAPTOP-C5DLCOGI" failures="0" tests="2" name="ecommerceTest.LoginTest" time="19.858" errors="0" timestamp="2026-02-27T04:08:37 IST" skipped="0">
  <testcase classname="ecommerceTest.LoginTest" name="TC_02_LoginWithInvalidCredentials" time="7.201"/>
  <testcase classname="ecommerceTest.LoginTest" name="TC_01_LoginWithValidCredentials" time="12.657"/>
</testsuite> <!-- ecommerceTest.LoginTest -->
