<?xml version="1.0" encoding="UTF-8"?>
<!-- Generated by org.testng.reporters.JUnitReportReporter -->
<testsuite hostname="DESKTOP-6EMDFAF" failures="0" tests="2" name="ecommerceTest.LoginTest" time="220.945" errors="0" timestamp="2026-02-25T13:27:27 IST" skipped="0">
  <testcase classname="ecommerceTest.LoginTest" name="TC_01_LoginWithValidCredentials" time="147.540"/>
  <testcase classname="ecommerceTest.LoginTest" name="TC_02_LoginWithInvalidCredentials" time="73.405"/>
</testsuite> <!-- ecommerceTest.LoginTest -->
