<?xml version="1.0" encoding="UTF-8"?>
<!-- Generated by org.testng.reporters.JUnitReportReporter -->
<testsuite hostname="DESKTOP-6EMDFAF" failures="0" tests="2" name="ecommerceTest.SearchTest" time="31.994" errors="0" timestamp="2026-02-25T14:11:30 IST" skipped="0">
  <testcase classname="ecommerceTest.SearchTest" name="TC_04_SearchNonExistingProduct" time="11.871"/>
  <testcase classname="ecommerceTest.SearchTest" name="TC_03_SearchExistingProduct" time="20.123"/>
</testsuite> <!-- ecommerceTest.SearchTest -->
