<?xml version="1.0" encoding="UTF-8"?>
<!-- Generated by org.testng.reporters.JUnitReportReporter -->
<testsuite hostname="LAPTOP-C5DLCOGI" failures="0" tests="2" name="ecommerceTest.SearchTest" time="14.971" errors="0" timestamp="2026-02-27T04:08:37 IST" skipped="0">
  <testcase classname="ecommerceTest.SearchTest" name="TC_04_SearchNonExistingProduct" time="6.091"/>
  <testcase classname="ecommerceTest.SearchTest" name="TC_03_SearchExistingProduct" time="8.880"/>
</testsuite> <!-- ecommerceTest.SearchTest -->
